<?xml version="1.0" encoding="UTF-8"?>
<!-- Generated by org.testng.reporters.JUnitReportReporter -->
<testsuite hostname="DESKTOP-P3RQ5AD" failures="0" tests="1" name="cucumberOptions.TestNGTestRunner" time="3.608" errors="0" timestamp="2024-01-29T16:54:41 IST" skipped="0">
  <testcase classname="cucumberOptions.TestNGTestRunner" name="runScenario" time="3.608"/>
  <system-out/>
</testsuite> <!-- cucumberOptions.TestNGTestRunner -->
