<?xml version="1.0" encoding="UTF-8"?>
<!-- Generated by org.testng.reporters.JUnitReportReporter -->
<testsuite hostname="DESKTOP-P3RQ5AD" failures="0" tests="1" name="cucumberOptions.TestNGTestRunner" time="5.159" errors="0" timestamp="2024-02-02T18:45:31 IST" skipped="0">
  <testcase classname="cucumberOptions.TestNGTestRunner" name="runScenario" time="5.159"/>
  <system-out/>
</testsuite> <!-- cucumberOptions.TestNGTestRunner -->
